# JRE version: OpenJDK Runtime Environment (8.0_171-b11) (build 1.8.0_171-8u171-b11-0ubuntu0.16.04.1-b11)
# Java VM: OpenJDK 64-Bit Server VM (25.171-b11 mixed mode linux-amd64 compressed oops)
Heap:
 def new generation   total 25152K, used 5448K [0x00000000c0000000, 0x00000000c1b40000, 0x00000000d5550000)
  eden space 22400K,  19% used [0x00000000c0000000, 0x00000000c0434c60, 0x00000000c15e0000)
  from space 2752K,  41% used [0x00000000c1890000, 0x00000000c19ad780, 0x00000000c1b40000)
  to   space 2752K,   0% used [0x00000000c15e0000, 0x00000000c15e0000, 0x00000000c1890000)
 tenured generation   total 55716K, used 48103K [0x00000000d5550000, 0x00000000d8bb9000, 0x0000000100000000)
   the space 55716K,  86% used [0x00000000d5550000, 0x00000000d8449e60, 0x00000000d844a000, 0x00000000d8bb9000)
 Metaspace       used 86324K, capacity 87424K, committed 87768K, reserved 1124352K
  class space    used 12212K, capacity 12469K, committed 12544K, reserved 1048576K
GC Heap History (10 events):
Event: 227.500 GC heap before
{Heap before GC invocations=261 (full 7):
 def new generation   total 25152K, used 23698K [0x00000000c0000000, 0x00000000c1b40000, 0x00000000d5550000)
  eden space 22400K, 100% used [0x00000000c0000000, 0x00000000c15e0000, 0x00000000c15e0000)
  from space 2752K,  47% used [0x00000000c15e0000, 0x00000000c17249d8, 0x00000000c1890000)
  to   space 2752K,   0% used [0x00000000c1890000, 0x00000000c1890000, 0x00000000c1b40000)
 tenured generation   total 55716K, used 47017K [0x00000000d5550000, 0x00000000d8bb9000, 0x0000000100000000)
   the space 55716K,  84% used [0x00000000d5550000, 0x00000000d833a498, 0x00000000d833a600, 0x00000000d8bb9000)
 Metaspace       used 86207K, capacity 87296K, committed 87512K, reserved 1124352K
  class space    used 12212K, capacity 12469K, committed 12544K, reserved 1048576K
Event: 227.506 GC heap after
Heap after GC invocations=262 (full 7):
 def new generation   total 25152K, used 1457K [0x00000000c0000000, 0x00000000c1b40000, 0x00000000d5550000)
  eden space 22400K,   0% used [0x00000000c0000000, 0x00000000c0000000, 0x00000000c15e0000)
  from space 2752K,  52% used [0x00000000c1890000, 0x00000000c19fc538, 0x00000000c1b40000)
  to   space 2752K,   0% used [0x00000000c15e0000, 0x00000000c15e0000, 0x00000000c1890000)
 tenured generation   total 55716K, used 47017K [0x00000000d5550000, 0x00000000d8bb9000, 0x0000000100000000)
   the space 55716K,  84% used [0x00000000d5550000, 0x00000000d833a498, 0x00000000d833a600, 0x00000000d8bb9000)
 Metaspace       used 86207K, capacity 87296K, committed 87512K, reserved 1124352K
  class space    used 12212K, capacity 12469K, committed 12544K, reserved 1048576K
}
Event: 227.682 GC heap before
{Heap before GC invocations=262 (full 7):
 def new generation   total 25152K, used 23857K [0x00000000c0000000, 0x00000000c1b40000, 0x00000000d5550000)
  eden space 22400K, 100% used [0x00000000c0000000, 0x00000000c15e0000, 0x00000000c15e0000)
  from space 2752K,  52% used [0x00000000c1890000, 0x00000000c19fc538, 0x00000000c1b40000)
  to   space 2752K,   0% used [0x00000000c15e0000, 0x00000000c15e0000, 0x00000000c1890000)
 tenured generation   total 55716K, used 47017K [0x00000000d5550000, 0x00000000d8bb9000, 0x0000000100000000)
   the space 55716K,  84% used [0x00000000d5550000, 0x00000000d833a498, 0x00000000d833a600, 0x00000000d8bb9000)
 Metaspace       used 86228K, capacity 87360K, committed 87512K, reserved 1124352K
  class space    used 12212K, capacity 12469K, committed 12544K, reserved 1048576K
Event: 227.693 GC heap after
Heap after GC invocations=263 (full 7):
 def new generation   total 25152K, used 2125K [0x00000000c0000000, 0x00000000c1b40000, 0x00000000d5550000)
  eden space 22400K,   0% used [0x00000000c0000000, 0x00000000c0000000, 0x00000000c15e0000)
  from space 2752K,  77% used [0x00000000c15e0000, 0x00000000c17f36c0, 0x00000000c1890000)
  to   space 2752K,   0% used [0x00000000c1890000, 0x00000000c1890000, 0x00000000c1b40000)
 tenured generation   total 55716K, used 47164K [0x00000000d5550000, 0x00000000d8bb9000, 0x0000000100000000)
   the space 55716K,  84% used [0x00000000d5550000, 0x00000000d835f000, 0x00000000d835f000, 0x00000000d8bb9000)
 Metaspace       used 86228K, capacity 87360K, committed 87512K, reserved 1124352K
  class space    used 12212K, capacity 12469K, committed 12544K, reserved 1048576K
}
Event: 228.030 GC heap before
{Heap before GC invocations=263 (full 7):
 def new generation   total 25152K, used 24525K [0x00000000c0000000, 0x00000000c1b40000, 0x00000000d5550000)
  eden space 22400K, 100% used [0x00000000c0000000, 0x00000000c15e0000, 0x00000000c15e0000)
  from space 2752K,  77% used [0x00000000c15e0000, 0x00000000c17f36c0, 0x00000000c1890000)
  to   space 2752K,   0% used [0x00000000c1890000, 0x00000000c1890000, 0x00000000c1b40000)
 tenured generation   total 55716K, used 47164K [0x00000000d5550000, 0x00000000d8bb9000, 0x0000000100000000)
   the space 55716K,  84% used [0x00000000d5550000, 0x00000000d835f000, 0x00000000d835f000, 0x00000000d8bb9000)
 Metaspace       used 86251K, capacity 87360K, committed 87512K, reserved 1124352K
  class space    used 12212K, capacity 12469K, committed 12544K, reserved 1048576K
Event: 228.039 GC heap after
Heap after GC invocations=264 (full 7):
 def new generation   total 25152K, used 1332K [0x00000000c0000000, 0x00000000c1b40000, 0x00000000d5550000)
  eden space 22400K,   0% used [0x00000000c0000000, 0x00000000c0000000, 0x00000000c15e0000)
  from space 2752K,  48% used [0x00000000c1890000, 0x00000000c19dd1b8, 0x00000000c1b40000)
  to   space 2752K,   0% used [0x00000000c15e0000, 0x00000000c15e0000, 0x00000000c1890000)
 tenured generation   total 55716K, used 48103K [0x00000000d5550000, 0x00000000d8bb9000, 0x0000000100000000)
   the space 55716K,  86% used [0x00000000d5550000, 0x00000000d8449e60, 0x00000000d844a000, 0x00000000d8bb9000)
 Metaspace       used 86251K, capacity 87360K, committed 87512K, reserved 1124352K
  class space    used 12212K, capacity 12469K, committed 12544K, reserved 1048576K
}
Event: 228.392 GC heap before
{Heap before GC invocations=264 (full 7):
 def new generation   total 25152K, used 23732K [0x00000000c0000000, 0x00000000c1b40000, 0x00000000d5550000)
  eden space 22400K, 100% used [0x00000000c0000000, 0x00000000c15e0000, 0x00000000c15e0000)
  from space 2752K,  48% used [0x00000000c1890000, 0x00000000c19dd1b8, 0x00000000c1b40000)
  to   space 2752K,   0% used [0x00000000c15e0000, 0x00000000c15e0000, 0x00000000c1890000)
 tenured generation   total 55716K, used 48103K [0x00000000d5550000, 0x00000000d8bb9000, 0x0000000100000000)
   the space 55716K,  86% used [0x00000000d5550000, 0x00000000d8449e60, 0x00000000d844a000, 0x00000000d8bb9000)
 Metaspace       used 86321K, capacity 87424K, committed 87768K, reserved 1124352K
  class space    used 12212K, capacity 12469K, committed 12544K, reserved 1048576K
Event: 228.401 GC heap after
Heap after GC invocations=265 (full 7):
 def new generation   total 25152K, used 1374K [0x00000000c0000000, 0x00000000c1b40000, 0x00000000d5550000)
  eden space 22400K,   0% used [0x00000000c0000000, 0x00000000c0000000, 0x00000000c15e0000)
  from space 2752K,  49% used [0x00000000c15e0000, 0x00000000c1737810, 0x00000000c1890000)
  to   space 2752K,   0% used [0x00000000c1890000, 0x00000000c1890000, 0x00000000c1b40000)
 tenured generation   total 55716K, used 48103K [0x00000000d5550000, 0x00000000d8bb9000, 0x0000000100000000)
   the space 55716K,  86% used [0x00000000d5550000, 0x00000000d8449e60, 0x00000000d844a000, 0x00000000d8bb9000)
 Metaspace       used 86321K, capacity 87424K, committed 87768K, reserved 1124352K
  class space    used 12212K, capacity 12469K, committed 12544K, reserved 1048576K
}
Event: 238.713 GC heap before
{Heap before GC invocations=265 (full 7):
 def new generation   total 25152K, used 23774K [0x00000000c0000000, 0x00000000c1b40000, 0x00000000d5550000)
  eden space 22400K, 100% used [0x00000000c0000000, 0x00000000c15e0000, 0x00000000c15e0000)
  from space 2752K,  49% used [0x00000000c15e0000, 0x00000000c1737810, 0x00000000c1890000)
  to   space 2752K,   0% used [0x00000000c1890000, 0x00000000c1890000, 0x00000000c1b40000)
 tenured generation   total 55716K, used 48103K [0x00000000d5550000, 0x00000000d8bb9000, 0x0000000100000000)
   the space 55716K,  86% used [0x00000000d5550000, 0x00000000d8449e60, 0x00000000d844a000, 0x00000000d8bb9000)
 Metaspace       used 86321K, capacity 87424K, committed 87768K, reserved 1124352K
  class space    used 12212K, capacity 12469K, committed 12544K, reserved 1048576K
Event: 239.147 GC heap after
Heap after GC invocations=266 (full 7):
 def new generation   total 25152K, used 1141K [0x00000000c0000000, 0x00000000c1b40000, 0x00000000d5550000)
  eden space 22400K,   0% used [0x00000000c0000000, 0x00000000c0000000, 0x00000000c15e0000)
  from space 2752K,  41% used [0x00000000c1890000, 0x00000000c19ad780, 0x00000000c1b40000)
  to   space 2752K,   0% used [0x00000000c15e0000, 0x00000000c15e0000, 0x00000000c1890000)
 tenured generation   total 55716K, used 48103K [0x00000000d5550000, 0x00000000d8bb9000, 0x0000000100000000)
   the space 55716K,  86% used [0x00000000d5550000, 0x00000000d8449e60, 0x00000000d844a000, 0x00000000d8bb9000)
 Metaspace       used 86321K, capacity 87424K, committed 87768K, reserved 1124352K
  class space    used 12212K, capacity 12469K, committed 12544K, reserved 1048576K
}

